<?xml version="1.0" encoding="UTF-8"?>
<!-- Generated by org.testng.reporters.JUnitReportReporter -->
<testsuite skipped="0" hostname="DESKTOP-LI3EA6Q" name="test.Tests_GuiaDespacho" tests="1" failures="0" timestamp="07 oct 2021 15:33:43 GMT" time="96.115" errors="0">
  <testcase name="Script_0237" time="96.115" classname="test.Tests_GuiaDespacho"/>
</testsuite> <!-- test.Tests_GuiaDespacho -->
