<?xml version="1.0" encoding="UTF-8"?>
<!-- Generated by org.testng.reporters.JUnitReportReporter -->
<testsuite hostname="LauraAndrade" failures="0" tests="1" name="test.Tests_BoletaExenta" time="85.297" errors="0" timestamp="08 oct. 2021 18:47:35 GMT" skipped="0">
  <testcase classname="test.Tests_BoletaExenta" name="Script_0039" time="85.297"/>
</testsuite> <!-- test.Tests_BoletaExenta -->
