<?xml version="1.0" encoding="UTF-8"?>
<!-- Generated by org.testng.reporters.JUnitReportReporter -->
<testsuite skipped="0" hostname="DESKTOP-LI3EA6Q" name="test.Tests_FacturaExenta" tests="1" failures="0" timestamp="15 jul 2021 21:14:16 GMT" time="83.338" errors="0">
  <testcase name="Script_0035" time="83.338" classname="test.Tests_FacturaExenta"/>
</testsuite> <!-- test.Tests_FacturaExenta -->
