<?xml version="1.0" encoding="UTF-8"?>
<!-- Generated by org.testng.reporters.JUnitReportReporter -->
<testsuite skipped="0" hostname="DESKTOP-LI3EA6Q" name="test.Tests_FacturaAfecta" tests="1" failures="0" timestamp="14 jul 2021 17:35:17 GMT" time="129.105" errors="0">
  <testcase name="Script_0110" time="129.105" classname="test.Tests_FacturaAfecta"/>
</testsuite> <!-- test.Tests_FacturaAfecta -->
