<?xml version="1.0" encoding="UTF-8"?>
<!-- Generated by org.testng.reporters.JUnitReportReporter -->
<testsuite hostname="LauraAndrade" failures="0" tests="1" name="test.Tests_BoletaAfecta" time="90.450" errors="0" timestamp="04 oct. 2021 17:53:22 GMT" skipped="0">
  <testcase classname="test.Tests_BoletaAfecta" name="Script_0014" time="90.450"/>
</testsuite> <!-- test.Tests_BoletaAfecta -->
