<?xml version="1.0" encoding="UTF-8"?>
<!-- Generated by org.testng.reporters.JUnitReportReporter -->
<testsuite hostname="LauraAndrade" failures="0" tests="1" name="test.Tests_FacturaExenta" time="96.945" errors="0" timestamp="02 sep. 2021 15:23:43 GMT" skipped="0">
  <testcase classname="test.Tests_FacturaExenta" name="Script_0001" time="96.945"/>
</testsuite> <!-- test.Tests_FacturaExenta -->
