<?xml version="1.0" encoding="UTF-8"?>
<!-- Generated by org.testng.reporters.JUnitReportReporter -->
<testsuite hostname="LauraAndrade" failures="0" tests="1" name="test.Tests_NotaDebito" time="97.584" errors="0" timestamp="06 sep. 2021 16:12:31 GMT" skipped="0">
  <testcase classname="test.Tests_NotaDebito" name="Script_0003" time="97.584"/>
</testsuite> <!-- test.Tests_NotaDebito -->
