<?xml version="1.0" encoding="UTF-8"?>
<!-- Generated by org.testng.reporters.JUnitReportReporter -->
<testsuite hostname="LauraAndrade" failures="0" tests="1" name="test.Tests_NotaDebito" time="90.149" errors="0" timestamp="24 sept. 2021 17:27:02 GMT" skipped="0">
  <testcase classname="test.Tests_NotaDebito" name="Script_0076" time="90.149"/>
</testsuite> <!-- test.Tests_NotaDebito -->
