<?xml version="1.0" encoding="UTF-8"?>
<!-- Generated by org.testng.reporters.JUnitReportReporter -->
<testsuite skipped="0" hostname="DESKTOP-LI3EA6Q" name="test.Tests_NotaCredito" tests="1" failures="0" timestamp="02 sep 2021 18:25:25 GMT" time="95.245" errors="0">
  <testcase name="Script_0090" time="95.245" classname="test.Tests_NotaCredito"/>
</testsuite> <!-- test.Tests_NotaCredito -->
