<?xml version="1.0" encoding="UTF-8"?>
<!-- Generated by org.testng.reporters.JUnitReportReporter -->
<testsuite skipped="0" hostname="DESKTOP-LI3EA6Q" name="test.Tests_FacturaAfecta" tests="1" failures="0" timestamp="08 jul 2021 23:06:13 GMT" time="102.355" errors="0">
  <testcase name="Script_0066" time="102.355" classname="test.Tests_FacturaAfecta"/>
</testsuite> <!-- test.Tests_FacturaAfecta -->
