<?xml version="1.0" encoding="UTF-8"?>
<!-- Generated by org.testng.reporters.JUnitReportReporter -->
<testsuite skipped="0" hostname="DESKTOP-LI3EA6Q" name="test.Tests_GuiaDespacho" tests="1" failures="0" timestamp="06 sep 2021 17:54:55 GMT" time="119.257" errors="0">
  <testcase name="Script_0029" time="119.257" classname="test.Tests_GuiaDespacho"/>
</testsuite> <!-- test.Tests_GuiaDespacho -->
