<?xml version="1.0" encoding="UTF-8"?>
<!-- Generated by org.testng.reporters.JUnitReportReporter -->
<testsuite hostname="LauraAndrade" failures="0" tests="1" name="test.Tests_NotaCreditoExportacion" time="191.097" errors="0" timestamp="20 oct. 2021 22:03:11 GMT" skipped="0">
  <testcase classname="test.Tests_NotaCreditoExportacion" name="Script_0079" time="191.097"/>
</testsuite> <!-- test.Tests_NotaCreditoExportacion -->
