<?xml version="1.0" encoding="UTF-8"?>
<!-- Generated by org.testng.reporters.JUnitReportReporter -->
<testsuite skipped="0" hostname="DESKTOP-LI3EA6Q" name="test.Tests_NotaDebitoExportacion" tests="1" failures="0" timestamp="21 oct 2021 14:41:41 GMT" time="119.783" errors="0">
  <testcase name="Script_0132" time="119.783" classname="test.Tests_NotaDebitoExportacion"/>
</testsuite> <!-- test.Tests_NotaDebitoExportacion -->
