<?xml version="1.0" encoding="UTF-8"?>
<!-- Generated by org.testng.reporters.JUnitReportReporter -->
<<<<<<< HEAD
<testsuite hostname="LauraAndrade" failures="0" tests="1" name="test.Tests_FacturaExenta" time="96.945" errors="0" timestamp="02 sep. 2021 15:23:43 GMT" skipped="0">
  <testcase classname="test.Tests_FacturaExenta" name="Script_0001" time="96.945"/>
=======
<testsuite skipped="0" hostname="DESKTOP-LI3EA6Q" name="test.Tests_FacturaExenta" tests="1" failures="0" timestamp="30 ago 2021 19:38:53 GMT" time="97.743" errors="0">
  <testcase name="Script_0091" time="97.743" classname="test.Tests_FacturaExenta"/>
>>>>>>> c817f28339ae6282493a575b09c5089def626900
</testsuite> <!-- test.Tests_FacturaExenta -->
