<?xml version="1.0" encoding="UTF-8"?>
<!-- Generated by org.testng.reporters.JUnitReportReporter -->
<testsuite skipped="0" hostname="DESKTOP-LI3EA6Q" name="test.Tests_NotaCreditoExportacion" tests="1" failures="0" timestamp="22 oct 2021 05:13:19 GMT" time="156.289" errors="0">
  <testcase name="Script_0151" time="156.289" classname="test.Tests_NotaCreditoExportacion"/>
</testsuite> <!-- test.Tests_NotaCreditoExportacion -->
