<?xml version="1.0" encoding="UTF-8"?>
<!-- Generated by org.testng.reporters.JUnitReportReporter -->
<testsuite hostname="LauraAndrade" failures="0" tests="1" name="test.Tests_BoletaAfecta" time="119.790" errors="0" timestamp="05 oct. 2021 20:25:43 GMT" skipped="0">
  <testcase classname="test.Tests_BoletaAfecta" name="Script_0039" time="119.790"/>
</testsuite> <!-- test.Tests_BoletaAfecta -->
