<?xml version="1.0" encoding="UTF-8"?>
<!-- Generated by org.testng.reporters.JUnitReportReporter -->
<testsuite skipped="0" hostname="DESKTOP-LI3EA6Q" name="test.Tests_FacturaExportacion" tests="1" failures="0" timestamp="14 oct 2021 14:38:34 GMT" time="141.822" errors="0">
  <testcase name="Script_0113" time="141.822" classname="test.Tests_FacturaExportacion"/>
</testsuite> <!-- test.Tests_FacturaExportacion -->
