<?xml version="1.0" encoding="UTF-8"?>
<!-- Generated by org.testng.reporters.JUnitReportReporter -->
<testsuite skipped="0" hostname="DESKTOP-LI3EA6Q" name="test.Tests_FacturaExenta" tests="1" failures="0" timestamp="30 ago 2021 19:38:53 GMT" time="97.743" errors="0">
  <testcase name="Script_0091" time="97.743" classname="test.Tests_FacturaExenta"/>
</testsuite> <!-- test.Tests_FacturaExenta -->
